[2024-08-31 08:39:49] local.ERROR: Undefined constant "App\Http\Controllers\Frontend\console" {"exception":"[object] (Error(code: 0): Undefined constant \"App\\Http\\Controllers\\Frontend\\console\" at C:\\Users\\Administrator\\Desktop\\Tho_Van_Project\\CMS_Version_0\\LaraCMS\\app\\Http\\Controllers\\Frontend\\FrontPagesController.php:31)
[stacktrace]
#0 C:\\Users\\Administrator\\Desktop\\Tho_Van_Project\\CMS_Version_0\\LaraCMS\\vendor\\laravel\\framework\\src\\Illuminate\\Routing\\Controller.php(54): App\\Http\\Controllers\\Frontend\\FrontPagesController->register(Object(Illuminate\\Http\\Request))
#1 C:\\Users\\Administrator\\Desktop\\Tho_Van_Project\\CMS_Version_0\\LaraCMS\\vendor\\laravel\\framework\\src\\Illuminate\\Routing\\ControllerDispatcher.php(43): Illuminate\\Routing\\Controller->callAction('register', Array)
#2 C:\\Users\\Administrator\\Desktop\\Tho_Van_Project\\CMS_Version_0\\LaraCMS\\vendor\\laravel\\framework\\src\\Illuminate\\Routing\\Route.php(259): Illuminate\\Routing\\ControllerDispatcher->dispatch(Object(Illuminate\\Routing\\Route), Object(App\\Http\\Controllers\\Frontend\\FrontPagesController), 'register')
#3 C:\\Users\\Administrator\\Desktop\\Tho_Van_Project\\CMS_Version_0\\LaraCMS\\vendor\\laravel\\framework\\src\\Illuminate\\Routing\\Route.php(205): Illuminate\\Routing\\Route->runController()
#4 C:\\Users\\Administrator\\Desktop\\Tho_Van_Project\\CMS_Version_0\\LaraCMS\\vendor\\laravel\\framework\\src\\Illuminate\\Routing\\Router.php(798): Illuminate\\Routing\\Route->run()
#5 C:\\Users\\Administrator\\Desktop\\Tho_Van_Project\\CMS_Version_0\\LaraCMS\\vendor\\laravel\\framework\\src\\Illuminate\\Pipeline\\Pipeline.php(141): Illuminate\\Routing\\Router->Illuminate\\Routing\\{closure}(Object(Illuminate\\Http\\Request))
#6 C:\\Users\\Administrator\\Desktop\\Tho_Van_Project\\CMS_Version_0\\LaraCMS\\vendor\\laravel\\framework\\src\\Illuminate\\Routing\\Middleware\\SubstituteBindings.php(50): Illuminate\\Pipeline\\Pipeline->Illuminate\\Pipeline\\{closure}(Object(Illuminate\\Http\\Request))
#7 C:\\Users\\Administrator\\Desktop\\Tho_Van_Project\\CMS_Version_0\\LaraCMS\\vendor\\laravel\\framework\\src\\Illuminate\\Pipeline\\Pipeline.php(180): Illuminate\\Routing\\Middleware\\SubstituteBindings->handle(Object(Illuminate\\Http\\Request), Object(Closure))
#8 C:\\Users\\Administrator\\Desktop\\Tho_Van_Project\\CMS_Version_0\\LaraCMS\\vendor\\laravel\\framework\\src\\Illuminate\\Routing\\Middleware\\ThrottleRequests.php(126): Illuminate\\Pipeline\\Pipeline->Illuminate\\Pipeline\\{closure}(Object(Illuminate\\Http\\Request))
#9 C:\\Users\\Administrator\\Desktop\\Tho_Van_Project\\CMS_Version_0\\LaraCMS\\vendor\\laravel\\framework\\src\\Illuminate\\Routing\\Middleware\\ThrottleRequests.php(92): Illuminate\\Routing\\Middleware\\ThrottleRequests->handleRequest(Object(Illuminate\\Http\\Request), Object(Closure), Array)
#10 C:\\Users\\Administrator\\Desktop\\Tho_Van_Project\\CMS_Version_0\\LaraCMS\\vendor\\laravel\\framework\\src\\Illuminate\\Routing\\Middleware\\ThrottleRequests.php(54): Illuminate\\Routing\\Middleware\\ThrottleRequests->handleRequestUsingNamedLimiter(Object(Illuminate\\Http\\Request), Object(Closure), 'api', Object(Closure))
#11 C:\\Users\\Administrator\\Desktop\\Tho_Van_Project\\CMS_Version_0\\LaraCMS\\vendor\\laravel\\framework\\src\\Illuminate\\Pipeline\\Pipeline.php(180): Illuminate\\Routing\\Middleware\\ThrottleRequests->handle(Object(Illuminate\\Http\\Request), Object(Closure), 'api')
#12 C:\\Users\\Administrator\\Desktop\\Tho_Van_Project\\CMS_Version_0\\LaraCMS\\vendor\\laravel\\framework\\src\\Illuminate\\Pipeline\\Pipeline.php(116): Illuminate\\Pipeline\\Pipeline->Illuminate\\Pipeline\\{closure}(Object(Illuminate\\Http\\Request))
#13 C:\\Users\\Administrator\\Desktop\\Tho_Van_Project\\CMS_Version_0\\LaraCMS\\vendor\\laravel\\framework\\src\\Illuminate\\Routing\\Router.php(797): Illuminate\\Pipeline\\Pipeline->then(Object(Closure))
#14 C:\\Users\\Administrator\\Desktop\\Tho_Van_Project\\CMS_Version_0\\LaraCMS\\vendor\\laravel\\framework\\src\\Illuminate\\Routing\\Router.php(776): Illuminate\\Routing\\Router->runRouteWithinStack(Object(Illuminate\\Routing\\Route), Object(Illuminate\\Http\\Request))
#15 C:\\Users\\Administrator\\Desktop\\Tho_Van_Project\\CMS_Version_0\\LaraCMS\\vendor\\laravel\\framework\\src\\Illuminate\\Routing\\Router.php(740): Illuminate\\Routing\\Router->runRoute(Object(Illuminate\\Http\\Request), Object(Illuminate\\Routing\\Route))
#16 C:\\Users\\Administrator\\Desktop\\Tho_Van_Project\\CMS_Version_0\\LaraCMS\\vendor\\laravel\\framework\\src\\Illuminate\\Routing\\Router.php(729): Illuminate\\Routing\\Router->dispatchToRoute(Object(Illuminate\\Http\\Request))
#17 C:\\Users\\Administrator\\Desktop\\Tho_Van_Project\\CMS_Version_0\\LaraCMS\\vendor\\laravel\\framework\\src\\Illuminate\\Foundation\\Http\\Kernel.php(190): Illuminate\\Routing\\Router->dispatch(Object(Illuminate\\Http\\Request))
#18 C:\\Users\\Administrator\\Desktop\\Tho_Van_Project\\CMS_Version_0\\LaraCMS\\vendor\\laravel\\framework\\src\\Illuminate\\Pipeline\\Pipeline.php(141): Illuminate\\Foundation\\Http\\Kernel->Illuminate\\Foundation\\Http\\{closure}(Object(Illuminate\\Http\\Request))
#19 C:\\Users\\Administrator\\Desktop\\Tho_Van_Project\\CMS_Version_0\\LaraCMS\\vendor\\laravel\\framework\\src\\Illuminate\\Foundation\\Http\\Middleware\\TransformsRequest.php(21): Illuminate\\Pipeline\\Pipeline->Illuminate\\Pipeline\\{closure}(Object(Illuminate\\Http\\Request))
#20 C:\\Users\\Administrator\\Desktop\\Tho_Van_Project\\CMS_Version_0\\LaraCMS\\vendor\\laravel\\framework\\src\\Illuminate\\Foundation\\Http\\Middleware\\ConvertEmptyStringsToNull.php(31): Illuminate\\Foundation\\Http\\Middleware\\TransformsRequest->handle(Object(Illuminate\\Http\\Request), Object(Closure))
#21 C:\\Users\\Administrator\\Desktop\\Tho_Van_Project\\CMS_Version_0\\LaraCMS\\vendor\\laravel\\framework\\src\\Illuminate\\Pipeline\\Pipeline.php(180): Illuminate\\Foundation\\Http\\Middleware\\ConvertEmptyStringsToNull->handle(Object(Illuminate\\Http\\Request), Object(Closure))
#22 C:\\Users\\Administrator\\Desktop\\Tho_Van_Project\\CMS_Version_0\\LaraCMS\\vendor\\laravel\\framework\\src\\Illuminate\\Foundation\\Http\\Middleware\\TransformsRequest.php(21): Illuminate\\Pipeline\\Pipeline->Illuminate\\Pipeline\\{closure}(Object(Illuminate\\Http\\Request))
#23 C:\\Users\\Administrator\\Desktop\\Tho_Van_Project\\CMS_Version_0\\LaraCMS\\vendor\\laravel\\framework\\src\\Illuminate\\Foundation\\Http\\Middleware\\TrimStrings.php(40): Illuminate\\Foundation\\Http\\Middleware\\TransformsRequest->handle(Object(Illuminate\\Http\\Request), Object(Closure))
#24 C:\\Users\\Administrator\\Desktop\\Tho_Van_Project\\CMS_Version_0\\LaraCMS\\vendor\\laravel\\framework\\src\\Illuminate\\Pipeline\\Pipeline.php(180): Illuminate\\Foundation\\Http\\Middleware\\TrimStrings->handle(Object(Illuminate\\Http\\Request), Object(Closure))
#25 C:\\Users\\Administrator\\Desktop\\Tho_Van_Project\\CMS_Version_0\\LaraCMS\\vendor\\laravel\\framework\\src\\Illuminate\\Foundation\\Http\\Middleware\\ValidatePostSize.php(27): Illuminate\\Pipeline\\Pipeline->Illuminate\\Pipeline\\{closure}(Object(Illuminate\\Http\\Request))
#26 C:\\Users\\Administrator\\Desktop\\Tho_Van_Project\\CMS_Version_0\\LaraCMS\\vendor\\laravel\\framework\\src\\Illuminate\\Pipeline\\Pipeline.php(180): Illuminate\\Foundation\\Http\\Middleware\\ValidatePostSize->handle(Object(Illuminate\\Http\\Request), Object(Closure))
#27 C:\\Users\\Administrator\\Desktop\\Tho_Van_Project\\CMS_Version_0\\LaraCMS\\vendor\\laravel\\framework\\src\\Illuminate\\Foundation\\Http\\Middleware\\PreventRequestsDuringMaintenance.php(86): Illuminate\\Pipeline\\Pipeline->Illuminate\\Pipeline\\{closure}(Object(Illuminate\\Http\\Request))
#28 C:\\Users\\Administrator\\Desktop\\Tho_Van_Project\\CMS_Version_0\\LaraCMS\\vendor\\laravel\\framework\\src\\Illuminate\\Pipeline\\Pipeline.php(180): Illuminate\\Foundation\\Http\\Middleware\\PreventRequestsDuringMaintenance->handle(Object(Illuminate\\Http\\Request), Object(Closure))
#29 C:\\Users\\Administrator\\Desktop\\Tho_Van_Project\\CMS_Version_0\\LaraCMS\\vendor\\fruitcake\\laravel-cors\\src\\HandleCors.php(52): Illuminate\\Pipeline\\Pipeline->Illuminate\\Pipeline\\{closure}(Object(Illuminate\\Http\\Request))
#30 C:\\Users\\Administrator\\Desktop\\Tho_Van_Project\\CMS_Version_0\\LaraCMS\\vendor\\laravel\\framework\\src\\Illuminate\\Pipeline\\Pipeline.php(180): Fruitcake\\Cors\\HandleCors->handle(Object(Illuminate\\Http\\Request), Object(Closure))
#31 C:\\Users\\Administrator\\Desktop\\Tho_Van_Project\\CMS_Version_0\\LaraCMS\\vendor\\laravel\\framework\\src\\Illuminate\\Http\\Middleware\\TrustProxies.php(39): Illuminate\\Pipeline\\Pipeline->Illuminate\\Pipeline\\{closure}(Object(Illuminate\\Http\\Request))
#32 C:\\Users\\Administrator\\Desktop\\Tho_Van_Project\\CMS_Version_0\\LaraCMS\\vendor\\laravel\\framework\\src\\Illuminate\\Pipeline\\Pipeline.php(180): Illuminate\\Http\\Middleware\\TrustProxies->handle(Object(Illuminate\\Http\\Request), Object(Closure))
#33 C:\\Users\\Administrator\\Desktop\\Tho_Van_Project\\CMS_Version_0\\LaraCMS\\vendor\\laravel\\framework\\src\\Illuminate\\Pipeline\\Pipeline.php(116): Illuminate\\Pipeline\\Pipeline->Illuminate\\Pipeline\\{closure}(Object(Illuminate\\Http\\Request))
#34 C:\\Users\\Administrator\\Desktop\\Tho_Van_Project\\CMS_Version_0\\LaraCMS\\vendor\\laravel\\framework\\src\\Illuminate\\Foundation\\Http\\Kernel.php(165): Illuminate\\Pipeline\\Pipeline->then(Object(Closure))
#35 C:\\Users\\Administrator\\Desktop\\Tho_Van_Project\\CMS_Version_0\\LaraCMS\\vendor\\laravel\\framework\\src\\Illuminate\\Foundation\\Http\\Kernel.php(134): Illuminate\\Foundation\\Http\\Kernel->sendRequestThroughRouter(Object(Illuminate\\Http\\Request))
#36 C:\\Users\\Administrator\\Desktop\\Tho_Van_Project\\CMS_Version_0\\LaraCMS\\public\\index.php(51): Illuminate\\Foundation\\Http\\Kernel->handle(Object(Illuminate\\Http\\Request))
#37 C:\\Users\\Administrator\\Desktop\\Tho_Van_Project\\CMS_Version_0\\LaraCMS\\server.php(21): require_once('C:\\\\Users\\\\Admini...')
#38 {main}
"} 
[2024-08-31 08:40:07] local.ERROR: Undefined constant "App\Http\Controllers\Frontend\console" {"exception":"[object] (Error(code: 0): Undefined constant \"App\\Http\\Controllers\\Frontend\\console\" at C:\\Users\\Administrator\\Desktop\\Tho_Van_Project\\CMS_Version_0\\LaraCMS\\app\\Http\\Controllers\\Frontend\\FrontPagesController.php:31)
[stacktrace]
#0 C:\\Users\\Administrator\\Desktop\\Tho_Van_Project\\CMS_Version_0\\LaraCMS\\vendor\\laravel\\framework\\src\\Illuminate\\Routing\\Controller.php(54): App\\Http\\Controllers\\Frontend\\FrontPagesController->register(Object(Illuminate\\Http\\Request))
#1 C:\\Users\\Administrator\\Desktop\\Tho_Van_Project\\CMS_Version_0\\LaraCMS\\vendor\\laravel\\framework\\src\\Illuminate\\Routing\\ControllerDispatcher.php(43): Illuminate\\Routing\\Controller->callAction('register', Array)
#2 C:\\Users\\Administrator\\Desktop\\Tho_Van_Project\\CMS_Version_0\\LaraCMS\\vendor\\laravel\\framework\\src\\Illuminate\\Routing\\Route.php(259): Illuminate\\Routing\\ControllerDispatcher->dispatch(Object(Illuminate\\Routing\\Route), Object(App\\Http\\Controllers\\Frontend\\FrontPagesController), 'register')
#3 C:\\Users\\Administrator\\Desktop\\Tho_Van_Project\\CMS_Version_0\\LaraCMS\\vendor\\laravel\\framework\\src\\Illuminate\\Routing\\Route.php(205): Illuminate\\Routing\\Route->runController()
#4 C:\\Users\\Administrator\\Desktop\\Tho_Van_Project\\CMS_Version_0\\LaraCMS\\vendor\\laravel\\framework\\src\\Illuminate\\Routing\\Router.php(798): Illuminate\\Routing\\Route->run()
#5 C:\\Users\\Administrator\\Desktop\\Tho_Van_Project\\CMS_Version_0\\LaraCMS\\vendor\\laravel\\framework\\src\\Illuminate\\Pipeline\\Pipeline.php(141): Illuminate\\Routing\\Router->Illuminate\\Routing\\{closure}(Object(Illuminate\\Http\\Request))
#6 C:\\Users\\Administrator\\Desktop\\Tho_Van_Project\\CMS_Version_0\\LaraCMS\\vendor\\laravel\\framework\\src\\Illuminate\\Routing\\Middleware\\SubstituteBindings.php(50): Illuminate\\Pipeline\\Pipeline->Illuminate\\Pipeline\\{closure}(Object(Illuminate\\Http\\Request))
#7 C:\\Users\\Administrator\\Desktop\\Tho_Van_Project\\CMS_Version_0\\LaraCMS\\vendor\\laravel\\framework\\src\\Illuminate\\Pipeline\\Pipeline.php(180): Illuminate\\Routing\\Middleware\\SubstituteBindings->handle(Object(Illuminate\\Http\\Request), Object(Closure))
#8 C:\\Users\\Administrator\\Desktop\\Tho_Van_Project\\CMS_Version_0\\LaraCMS\\vendor\\laravel\\framework\\src\\Illuminate\\Routing\\Middleware\\ThrottleRequests.php(126): Illuminate\\Pipeline\\Pipeline->Illuminate\\Pipeline\\{closure}(Object(Illuminate\\Http\\Request))
#9 C:\\Users\\Administrator\\Desktop\\Tho_Van_Project\\CMS_Version_0\\LaraCMS\\vendor\\laravel\\framework\\src\\Illuminate\\Routing\\Middleware\\ThrottleRequests.php(92): Illuminate\\Routing\\Middleware\\ThrottleRequests->handleRequest(Object(Illuminate\\Http\\Request), Object(Closure), Array)
#10 C:\\Users\\Administrator\\Desktop\\Tho_Van_Project\\CMS_Version_0\\LaraCMS\\vendor\\laravel\\framework\\src\\Illuminate\\Routing\\Middleware\\ThrottleRequests.php(54): Illuminate\\Routing\\Middleware\\ThrottleRequests->handleRequestUsingNamedLimiter(Object(Illuminate\\Http\\Request), Object(Closure), 'api', Object(Closure))
#11 C:\\Users\\Administrator\\Desktop\\Tho_Van_Project\\CMS_Version_0\\LaraCMS\\vendor\\laravel\\framework\\src\\Illuminate\\Pipeline\\Pipeline.php(180): Illuminate\\Routing\\Middleware\\ThrottleRequests->handle(Object(Illuminate\\Http\\Request), Object(Closure), 'api')
#12 C:\\Users\\Administrator\\Desktop\\Tho_Van_Project\\CMS_Version_0\\LaraCMS\\vendor\\laravel\\framework\\src\\Illuminate\\Pipeline\\Pipeline.php(116): Illuminate\\Pipeline\\Pipeline->Illuminate\\Pipeline\\{closure}(Object(Illuminate\\Http\\Request))
#13 C:\\Users\\Administrator\\Desktop\\Tho_Van_Project\\CMS_Version_0\\LaraCMS\\vendor\\laravel\\framework\\src\\Illuminate\\Routing\\Router.php(797): Illuminate\\Pipeline\\Pipeline->then(Object(Closure))
#14 C:\\Users\\Administrator\\Desktop\\Tho_Van_Project\\CMS_Version_0\\LaraCMS\\vendor\\laravel\\framework\\src\\Illuminate\\Routing\\Router.php(776): Illuminate\\Routing\\Router->runRouteWithinStack(Object(Illuminate\\Routing\\Route), Object(Illuminate\\Http\\Request))
#15 C:\\Users\\Administrator\\Desktop\\Tho_Van_Project\\CMS_Version_0\\LaraCMS\\vendor\\laravel\\framework\\src\\Illuminate\\Routing\\Router.php(740): Illuminate\\Routing\\Router->runRoute(Object(Illuminate\\Http\\Request), Object(Illuminate\\Routing\\Route))
#16 C:\\Users\\Administrator\\Desktop\\Tho_Van_Project\\CMS_Version_0\\LaraCMS\\vendor\\laravel\\framework\\src\\Illuminate\\Routing\\Router.php(729): Illuminate\\Routing\\Router->dispatchToRoute(Object(Illuminate\\Http\\Request))
#17 C:\\Users\\Administrator\\Desktop\\Tho_Van_Project\\CMS_Version_0\\LaraCMS\\vendor\\laravel\\framework\\src\\Illuminate\\Foundation\\Http\\Kernel.php(190): Illuminate\\Routing\\Router->dispatch(Object(Illuminate\\Http\\Request))
#18 C:\\Users\\Administrator\\Desktop\\Tho_Van_Project\\CMS_Version_0\\LaraCMS\\vendor\\laravel\\framework\\src\\Illuminate\\Pipeline\\Pipeline.php(141): Illuminate\\Foundation\\Http\\Kernel->Illuminate\\Foundation\\Http\\{closure}(Object(Illuminate\\Http\\Request))
#19 C:\\Users\\Administrator\\Desktop\\Tho_Van_Project\\CMS_Version_0\\LaraCMS\\vendor\\laravel\\framework\\src\\Illuminate\\Foundation\\Http\\Middleware\\TransformsRequest.php(21): Illuminate\\Pipeline\\Pipeline->Illuminate\\Pipeline\\{closure}(Object(Illuminate\\Http\\Request))
#20 C:\\Users\\Administrator\\Desktop\\Tho_Van_Project\\CMS_Version_0\\LaraCMS\\vendor\\laravel\\framework\\src\\Illuminate\\Foundation\\Http\\Middleware\\ConvertEmptyStringsToNull.php(31): Illuminate\\Foundation\\Http\\Middleware\\TransformsRequest->handle(Object(Illuminate\\Http\\Request), Object(Closure))
#21 C:\\Users\\Administrator\\Desktop\\Tho_Van_Project\\CMS_Version_0\\LaraCMS\\vendor\\laravel\\framework\\src\\Illuminate\\Pipeline\\Pipeline.php(180): Illuminate\\Foundation\\Http\\Middleware\\ConvertEmptyStringsToNull->handle(Object(Illuminate\\Http\\Request), Object(Closure))
#22 C:\\Users\\Administrator\\Desktop\\Tho_Van_Project\\CMS_Version_0\\LaraCMS\\vendor\\laravel\\framework\\src\\Illuminate\\Foundation\\Http\\Middleware\\TransformsRequest.php(21): Illuminate\\Pipeline\\Pipeline->Illuminate\\Pipeline\\{closure}(Object(Illuminate\\Http\\Request))
#23 C:\\Users\\Administrator\\Desktop\\Tho_Van_Project\\CMS_Version_0\\LaraCMS\\vendor\\laravel\\framework\\src\\Illuminate\\Foundation\\Http\\Middleware\\TrimStrings.php(40): Illuminate\\Foundation\\Http\\Middleware\\TransformsRequest->handle(Object(Illuminate\\Http\\Request), Object(Closure))
#24 C:\\Users\\Administrator\\Desktop\\Tho_Van_Project\\CMS_Version_0\\LaraCMS\\vendor\\laravel\\framework\\src\\Illuminate\\Pipeline\\Pipeline.php(180): Illuminate\\Foundation\\Http\\Middleware\\TrimStrings->handle(Object(Illuminate\\Http\\Request), Object(Closure))
#25 C:\\Users\\Administrator\\Desktop\\Tho_Van_Project\\CMS_Version_0\\LaraCMS\\vendor\\laravel\\framework\\src\\Illuminate\\Foundation\\Http\\Middleware\\ValidatePostSize.php(27): Illuminate\\Pipeline\\Pipeline->Illuminate\\Pipeline\\{closure}(Object(Illuminate\\Http\\Request))
#26 C:\\Users\\Administrator\\Desktop\\Tho_Van_Project\\CMS_Version_0\\LaraCMS\\vendor\\laravel\\framework\\src\\Illuminate\\Pipeline\\Pipeline.php(180): Illuminate\\Foundation\\Http\\Middleware\\ValidatePostSize->handle(Object(Illuminate\\Http\\Request), Object(Closure))
#27 C:\\Users\\Administrator\\Desktop\\Tho_Van_Project\\CMS_Version_0\\LaraCMS\\vendor\\laravel\\framework\\src\\Illuminate\\Foundation\\Http\\Middleware\\PreventRequestsDuringMaintenance.php(86): Illuminate\\Pipeline\\Pipeline->Illuminate\\Pipeline\\{closure}(Object(Illuminate\\Http\\Request))
#28 C:\\Users\\Administrator\\Desktop\\Tho_Van_Project\\CMS_Version_0\\LaraCMS\\vendor\\laravel\\framework\\src\\Illuminate\\Pipeline\\Pipeline.php(180): Illuminate\\Foundation\\Http\\Middleware\\PreventRequestsDuringMaintenance->handle(Object(Illuminate\\Http\\Request), Object(Closure))
#29 C:\\Users\\Administrator\\Desktop\\Tho_Van_Project\\CMS_Version_0\\LaraCMS\\vendor\\fruitcake\\laravel-cors\\src\\HandleCors.php(52): Illuminate\\Pipeline\\Pipeline->Illuminate\\Pipeline\\{closure}(Object(Illuminate\\Http\\Request))
#30 C:\\Users\\Administrator\\Desktop\\Tho_Van_Project\\CMS_Version_0\\LaraCMS\\vendor\\laravel\\framework\\src\\Illuminate\\Pipeline\\Pipeline.php(180): Fruitcake\\Cors\\HandleCors->handle(Object(Illuminate\\Http\\Request), Object(Closure))
#31 C:\\Users\\Administrator\\Desktop\\Tho_Van_Project\\CMS_Version_0\\LaraCMS\\vendor\\laravel\\framework\\src\\Illuminate\\Http\\Middleware\\TrustProxies.php(39): Illuminate\\Pipeline\\Pipeline->Illuminate\\Pipeline\\{closure}(Object(Illuminate\\Http\\Request))
#32 C:\\Users\\Administrator\\Desktop\\Tho_Van_Project\\CMS_Version_0\\LaraCMS\\vendor\\laravel\\framework\\src\\Illuminate\\Pipeline\\Pipeline.php(180): Illuminate\\Http\\Middleware\\TrustProxies->handle(Object(Illuminate\\Http\\Request), Object(Closure))
#33 C:\\Users\\Administrator\\Desktop\\Tho_Van_Project\\CMS_Version_0\\LaraCMS\\vendor\\laravel\\framework\\src\\Illuminate\\Pipeline\\Pipeline.php(116): Illuminate\\Pipeline\\Pipeline->Illuminate\\Pipeline\\{closure}(Object(Illuminate\\Http\\Request))
#34 C:\\Users\\Administrator\\Desktop\\Tho_Van_Project\\CMS_Version_0\\LaraCMS\\vendor\\laravel\\framework\\src\\Illuminate\\Foundation\\Http\\Kernel.php(165): Illuminate\\Pipeline\\Pipeline->then(Object(Closure))
#35 C:\\Users\\Administrator\\Desktop\\Tho_Van_Project\\CMS_Version_0\\LaraCMS\\vendor\\laravel\\framework\\src\\Illuminate\\Foundation\\Http\\Kernel.php(134): Illuminate\\Foundation\\Http\\Kernel->sendRequestThroughRouter(Object(Illuminate\\Http\\Request))
#36 C:\\Users\\Administrator\\Desktop\\Tho_Van_Project\\CMS_Version_0\\LaraCMS\\public\\index.php(51): Illuminate\\Foundation\\Http\\Kernel->handle(Object(Illuminate\\Http\\Request))
#37 C:\\Users\\Administrator\\Desktop\\Tho_Van_Project\\CMS_Version_0\\LaraCMS\\server.php(21): require_once('C:\\\\Users\\\\Admini...')
#38 {main}
"} 
[2024-08-31 08:41:20] local.ERROR: Undefined constant "App\Http\Controllers\Frontend\console" {"exception":"[object] (Error(code: 0): Undefined constant \"App\\Http\\Controllers\\Frontend\\console\" at C:\\Users\\Administrator\\Desktop\\Tho_Van_Project\\CMS_Version_0\\LaraCMS\\app\\Http\\Controllers\\Frontend\\FrontPagesController.php:31)
[stacktrace]
#0 C:\\Users\\Administrator\\Desktop\\Tho_Van_Project\\CMS_Version_0\\LaraCMS\\vendor\\laravel\\framework\\src\\Illuminate\\Routing\\Controller.php(54): App\\Http\\Controllers\\Frontend\\FrontPagesController->register(Object(Illuminate\\Http\\Request))
#1 C:\\Users\\Administrator\\Desktop\\Tho_Van_Project\\CMS_Version_0\\LaraCMS\\vendor\\laravel\\framework\\src\\Illuminate\\Routing\\ControllerDispatcher.php(43): Illuminate\\Routing\\Controller->callAction('register', Array)
#2 C:\\Users\\Administrator\\Desktop\\Tho_Van_Project\\CMS_Version_0\\LaraCMS\\vendor\\laravel\\framework\\src\\Illuminate\\Routing\\Route.php(259): Illuminate\\Routing\\ControllerDispatcher->dispatch(Object(Illuminate\\Routing\\Route), Object(App\\Http\\Controllers\\Frontend\\FrontPagesController), 'register')
#3 C:\\Users\\Administrator\\Desktop\\Tho_Van_Project\\CMS_Version_0\\LaraCMS\\vendor\\laravel\\framework\\src\\Illuminate\\Routing\\Route.php(205): Illuminate\\Routing\\Route->runController()
#4 C:\\Users\\Administrator\\Desktop\\Tho_Van_Project\\CMS_Version_0\\LaraCMS\\vendor\\laravel\\framework\\src\\Illuminate\\Routing\\Router.php(798): Illuminate\\Routing\\Route->run()
#5 C:\\Users\\Administrator\\Desktop\\Tho_Van_Project\\CMS_Version_0\\LaraCMS\\vendor\\laravel\\framework\\src\\Illuminate\\Pipeline\\Pipeline.php(141): Illuminate\\Routing\\Router->Illuminate\\Routing\\{closure}(Object(Illuminate\\Http\\Request))
#6 C:\\Users\\Administrator\\Desktop\\Tho_Van_Project\\CMS_Version_0\\LaraCMS\\vendor\\laravel\\framework\\src\\Illuminate\\Routing\\Middleware\\SubstituteBindings.php(50): Illuminate\\Pipeline\\Pipeline->Illuminate\\Pipeline\\{closure}(Object(Illuminate\\Http\\Request))
#7 C:\\Users\\Administrator\\Desktop\\Tho_Van_Project\\CMS_Version_0\\LaraCMS\\vendor\\laravel\\framework\\src\\Illuminate\\Pipeline\\Pipeline.php(180): Illuminate\\Routing\\Middleware\\SubstituteBindings->handle(Object(Illuminate\\Http\\Request), Object(Closure))
#8 C:\\Users\\Administrator\\Desktop\\Tho_Van_Project\\CMS_Version_0\\LaraCMS\\vendor\\laravel\\framework\\src\\Illuminate\\Routing\\Middleware\\ThrottleRequests.php(126): Illuminate\\Pipeline\\Pipeline->Illuminate\\Pipeline\\{closure}(Object(Illuminate\\Http\\Request))
#9 C:\\Users\\Administrator\\Desktop\\Tho_Van_Project\\CMS_Version_0\\LaraCMS\\vendor\\laravel\\framework\\src\\Illuminate\\Routing\\Middleware\\ThrottleRequests.php(92): Illuminate\\Routing\\Middleware\\ThrottleRequests->handleRequest(Object(Illuminate\\Http\\Request), Object(Closure), Array)
#10 C:\\Users\\Administrator\\Desktop\\Tho_Van_Project\\CMS_Version_0\\LaraCMS\\vendor\\laravel\\framework\\src\\Illuminate\\Routing\\Middleware\\ThrottleRequests.php(54): Illuminate\\Routing\\Middleware\\ThrottleRequests->handleRequestUsingNamedLimiter(Object(Illuminate\\Http\\Request), Object(Closure), 'api', Object(Closure))
#11 C:\\Users\\Administrator\\Desktop\\Tho_Van_Project\\CMS_Version_0\\LaraCMS\\vendor\\laravel\\framework\\src\\Illuminate\\Pipeline\\Pipeline.php(180): Illuminate\\Routing\\Middleware\\ThrottleRequests->handle(Object(Illuminate\\Http\\Request), Object(Closure), 'api')
#12 C:\\Users\\Administrator\\Desktop\\Tho_Van_Project\\CMS_Version_0\\LaraCMS\\vendor\\laravel\\framework\\src\\Illuminate\\Pipeline\\Pipeline.php(116): Illuminate\\Pipeline\\Pipeline->Illuminate\\Pipeline\\{closure}(Object(Illuminate\\Http\\Request))
#13 C:\\Users\\Administrator\\Desktop\\Tho_Van_Project\\CMS_Version_0\\LaraCMS\\vendor\\laravel\\framework\\src\\Illuminate\\Routing\\Router.php(797): Illuminate\\Pipeline\\Pipeline->then(Object(Closure))
#14 C:\\Users\\Administrator\\Desktop\\Tho_Van_Project\\CMS_Version_0\\LaraCMS\\vendor\\laravel\\framework\\src\\Illuminate\\Routing\\Router.php(776): Illuminate\\Routing\\Router->runRouteWithinStack(Object(Illuminate\\Routing\\Route), Object(Illuminate\\Http\\Request))
#15 C:\\Users\\Administrator\\Desktop\\Tho_Van_Project\\CMS_Version_0\\LaraCMS\\vendor\\laravel\\framework\\src\\Illuminate\\Routing\\Router.php(740): Illuminate\\Routing\\Router->runRoute(Object(Illuminate\\Http\\Request), Object(Illuminate\\Routing\\Route))
#16 C:\\Users\\Administrator\\Desktop\\Tho_Van_Project\\CMS_Version_0\\LaraCMS\\vendor\\laravel\\framework\\src\\Illuminate\\Routing\\Router.php(729): Illuminate\\Routing\\Router->dispatchToRoute(Object(Illuminate\\Http\\Request))
#17 C:\\Users\\Administrator\\Desktop\\Tho_Van_Project\\CMS_Version_0\\LaraCMS\\vendor\\laravel\\framework\\src\\Illuminate\\Foundation\\Http\\Kernel.php(190): Illuminate\\Routing\\Router->dispatch(Object(Illuminate\\Http\\Request))
#18 C:\\Users\\Administrator\\Desktop\\Tho_Van_Project\\CMS_Version_0\\LaraCMS\\vendor\\laravel\\framework\\src\\Illuminate\\Pipeline\\Pipeline.php(141): Illuminate\\Foundation\\Http\\Kernel->Illuminate\\Foundation\\Http\\{closure}(Object(Illuminate\\Http\\Request))
#19 C:\\Users\\Administrator\\Desktop\\Tho_Van_Project\\CMS_Version_0\\LaraCMS\\vendor\\laravel\\framework\\src\\Illuminate\\Foundation\\Http\\Middleware\\TransformsRequest.php(21): Illuminate\\Pipeline\\Pipeline->Illuminate\\Pipeline\\{closure}(Object(Illuminate\\Http\\Request))
#20 C:\\Users\\Administrator\\Desktop\\Tho_Van_Project\\CMS_Version_0\\LaraCMS\\vendor\\laravel\\framework\\src\\Illuminate\\Foundation\\Http\\Middleware\\ConvertEmptyStringsToNull.php(31): Illuminate\\Foundation\\Http\\Middleware\\TransformsRequest->handle(Object(Illuminate\\Http\\Request), Object(Closure))
#21 C:\\Users\\Administrator\\Desktop\\Tho_Van_Project\\CMS_Version_0\\LaraCMS\\vendor\\laravel\\framework\\src\\Illuminate\\Pipeline\\Pipeline.php(180): Illuminate\\Foundation\\Http\\Middleware\\ConvertEmptyStringsToNull->handle(Object(Illuminate\\Http\\Request), Object(Closure))
#22 C:\\Users\\Administrator\\Desktop\\Tho_Van_Project\\CMS_Version_0\\LaraCMS\\vendor\\laravel\\framework\\src\\Illuminate\\Foundation\\Http\\Middleware\\TransformsRequest.php(21): Illuminate\\Pipeline\\Pipeline->Illuminate\\Pipeline\\{closure}(Object(Illuminate\\Http\\Request))
#23 C:\\Users\\Administrator\\Desktop\\Tho_Van_Project\\CMS_Version_0\\LaraCMS\\vendor\\laravel\\framework\\src\\Illuminate\\Foundation\\Http\\Middleware\\TrimStrings.php(40): Illuminate\\Foundation\\Http\\Middleware\\TransformsRequest->handle(Object(Illuminate\\Http\\Request), Object(Closure))
#24 C:\\Users\\Administrator\\Desktop\\Tho_Van_Project\\CMS_Version_0\\LaraCMS\\vendor\\laravel\\framework\\src\\Illuminate\\Pipeline\\Pipeline.php(180): Illuminate\\Foundation\\Http\\Middleware\\TrimStrings->handle(Object(Illuminate\\Http\\Request), Object(Closure))
#25 C:\\Users\\Administrator\\Desktop\\Tho_Van_Project\\CMS_Version_0\\LaraCMS\\vendor\\laravel\\framework\\src\\Illuminate\\Foundation\\Http\\Middleware\\ValidatePostSize.php(27): Illuminate\\Pipeline\\Pipeline->Illuminate\\Pipeline\\{closure}(Object(Illuminate\\Http\\Request))
#26 C:\\Users\\Administrator\\Desktop\\Tho_Van_Project\\CMS_Version_0\\LaraCMS\\vendor\\laravel\\framework\\src\\Illuminate\\Pipeline\\Pipeline.php(180): Illuminate\\Foundation\\Http\\Middleware\\ValidatePostSize->handle(Object(Illuminate\\Http\\Request), Object(Closure))
#27 C:\\Users\\Administrator\\Desktop\\Tho_Van_Project\\CMS_Version_0\\LaraCMS\\vendor\\laravel\\framework\\src\\Illuminate\\Foundation\\Http\\Middleware\\PreventRequestsDuringMaintenance.php(86): Illuminate\\Pipeline\\Pipeline->Illuminate\\Pipeline\\{closure}(Object(Illuminate\\Http\\Request))
#28 C:\\Users\\Administrator\\Desktop\\Tho_Van_Project\\CMS_Version_0\\LaraCMS\\vendor\\laravel\\framework\\src\\Illuminate\\Pipeline\\Pipeline.php(180): Illuminate\\Foundation\\Http\\Middleware\\PreventRequestsDuringMaintenance->handle(Object(Illuminate\\Http\\Request), Object(Closure))
#29 C:\\Users\\Administrator\\Desktop\\Tho_Van_Project\\CMS_Version_0\\LaraCMS\\vendor\\fruitcake\\laravel-cors\\src\\HandleCors.php(52): Illuminate\\Pipeline\\Pipeline->Illuminate\\Pipeline\\{closure}(Object(Illuminate\\Http\\Request))
#30 C:\\Users\\Administrator\\Desktop\\Tho_Van_Project\\CMS_Version_0\\LaraCMS\\vendor\\laravel\\framework\\src\\Illuminate\\Pipeline\\Pipeline.php(180): Fruitcake\\Cors\\HandleCors->handle(Object(Illuminate\\Http\\Request), Object(Closure))
#31 C:\\Users\\Administrator\\Desktop\\Tho_Van_Project\\CMS_Version_0\\LaraCMS\\vendor\\laravel\\framework\\src\\Illuminate\\Http\\Middleware\\TrustProxies.php(39): Illuminate\\Pipeline\\Pipeline->Illuminate\\Pipeline\\{closure}(Object(Illuminate\\Http\\Request))
#32 C:\\Users\\Administrator\\Desktop\\Tho_Van_Project\\CMS_Version_0\\LaraCMS\\vendor\\laravel\\framework\\src\\Illuminate\\Pipeline\\Pipeline.php(180): Illuminate\\Http\\Middleware\\TrustProxies->handle(Object(Illuminate\\Http\\Request), Object(Closure))
#33 C:\\Users\\Administrator\\Desktop\\Tho_Van_Project\\CMS_Version_0\\LaraCMS\\vendor\\laravel\\framework\\src\\Illuminate\\Pipeline\\Pipeline.php(116): Illuminate\\Pipeline\\Pipeline->Illuminate\\Pipeline\\{closure}(Object(Illuminate\\Http\\Request))
#34 C:\\Users\\Administrator\\Desktop\\Tho_Van_Project\\CMS_Version_0\\LaraCMS\\vendor\\laravel\\framework\\src\\Illuminate\\Foundation\\Http\\Kernel.php(165): Illuminate\\Pipeline\\Pipeline->then(Object(Closure))
#35 C:\\Users\\Administrator\\Desktop\\Tho_Van_Project\\CMS_Version_0\\LaraCMS\\vendor\\laravel\\framework\\src\\Illuminate\\Foundation\\Http\\Kernel.php(134): Illuminate\\Foundation\\Http\\Kernel->sendRequestThroughRouter(Object(Illuminate\\Http\\Request))
#36 C:\\Users\\Administrator\\Desktop\\Tho_Van_Project\\CMS_Version_0\\LaraCMS\\public\\index.php(51): Illuminate\\Foundation\\Http\\Kernel->handle(Object(Illuminate\\Http\\Request))
#37 C:\\Users\\Administrator\\Desktop\\Tho_Van_Project\\CMS_Version_0\\LaraCMS\\server.php(21): require_once('C:\\\\Users\\\\Admini...')
#38 {main}
"} 
[2024-08-31 08:56:24] local.ERROR: Undefined constant "App\Http\Controllers\Frontend\console" {"exception":"[object] (Error(code: 0): Undefined constant \"App\\Http\\Controllers\\Frontend\\console\" at C:\\Users\\Administrator\\Desktop\\Tho_Van_Project\\CMS_Version_0\\LaraCMS\\app\\Http\\Controllers\\Frontend\\FrontPagesController.php:31)
[stacktrace]
#0 C:\\Users\\Administrator\\Desktop\\Tho_Van_Project\\CMS_Version_0\\LaraCMS\\vendor\\laravel\\framework\\src\\Illuminate\\Routing\\Controller.php(54): App\\Http\\Controllers\\Frontend\\FrontPagesController->register(Object(Illuminate\\Http\\Request))
#1 C:\\Users\\Administrator\\Desktop\\Tho_Van_Project\\CMS_Version_0\\LaraCMS\\vendor\\laravel\\framework\\src\\Illuminate\\Routing\\ControllerDispatcher.php(43): Illuminate\\Routing\\Controller->callAction('register', Array)
#2 C:\\Users\\Administrator\\Desktop\\Tho_Van_Project\\CMS_Version_0\\LaraCMS\\vendor\\laravel\\framework\\src\\Illuminate\\Routing\\Route.php(259): Illuminate\\Routing\\ControllerDispatcher->dispatch(Object(Illuminate\\Routing\\Route), Object(App\\Http\\Controllers\\Frontend\\FrontPagesController), 'register')
#3 C:\\Users\\Administrator\\Desktop\\Tho_Van_Project\\CMS_Version_0\\LaraCMS\\vendor\\laravel\\framework\\src\\Illuminate\\Routing\\Route.php(205): Illuminate\\Routing\\Route->runController()
#4 C:\\Users\\Administrator\\Desktop\\Tho_Van_Project\\CMS_Version_0\\LaraCMS\\vendor\\laravel\\framework\\src\\Illuminate\\Routing\\Router.php(798): Illuminate\\Routing\\Route->run()
#5 C:\\Users\\Administrator\\Desktop\\Tho_Van_Project\\CMS_Version_0\\LaraCMS\\vendor\\laravel\\framework\\src\\Illuminate\\Pipeline\\Pipeline.php(141): Illuminate\\Routing\\Router->Illuminate\\Routing\\{closure}(Object(Illuminate\\Http\\Request))
#6 C:\\Users\\Administrator\\Desktop\\Tho_Van_Project\\CMS_Version_0\\LaraCMS\\vendor\\laravel\\framework\\src\\Illuminate\\Routing\\Middleware\\SubstituteBindings.php(50): Illuminate\\Pipeline\\Pipeline->Illuminate\\Pipeline\\{closure}(Object(Illuminate\\Http\\Request))
#7 C:\\Users\\Administrator\\Desktop\\Tho_Van_Project\\CMS_Version_0\\LaraCMS\\vendor\\laravel\\framework\\src\\Illuminate\\Pipeline\\Pipeline.php(180): Illuminate\\Routing\\Middleware\\SubstituteBindings->handle(Object(Illuminate\\Http\\Request), Object(Closure))
#8 C:\\Users\\Administrator\\Desktop\\Tho_Van_Project\\CMS_Version_0\\LaraCMS\\vendor\\laravel\\framework\\src\\Illuminate\\Routing\\Middleware\\ThrottleRequests.php(126): Illuminate\\Pipeline\\Pipeline->Illuminate\\Pipeline\\{closure}(Object(Illuminate\\Http\\Request))
#9 C:\\Users\\Administrator\\Desktop\\Tho_Van_Project\\CMS_Version_0\\LaraCMS\\vendor\\laravel\\framework\\src\\Illuminate\\Routing\\Middleware\\ThrottleRequests.php(92): Illuminate\\Routing\\Middleware\\ThrottleRequests->handleRequest(Object(Illuminate\\Http\\Request), Object(Closure), Array)
#10 C:\\Users\\Administrator\\Desktop\\Tho_Van_Project\\CMS_Version_0\\LaraCMS\\vendor\\laravel\\framework\\src\\Illuminate\\Routing\\Middleware\\ThrottleRequests.php(54): Illuminate\\Routing\\Middleware\\ThrottleRequests->handleRequestUsingNamedLimiter(Object(Illuminate\\Http\\Request), Object(Closure), 'api', Object(Closure))
#11 C:\\Users\\Administrator\\Desktop\\Tho_Van_Project\\CMS_Version_0\\LaraCMS\\vendor\\laravel\\framework\\src\\Illuminate\\Pipeline\\Pipeline.php(180): Illuminate\\Routing\\Middleware\\ThrottleRequests->handle(Object(Illuminate\\Http\\Request), Object(Closure), 'api')
#12 C:\\Users\\Administrator\\Desktop\\Tho_Van_Project\\CMS_Version_0\\LaraCMS\\vendor\\laravel\\framework\\src\\Illuminate\\Pipeline\\Pipeline.php(116): Illuminate\\Pipeline\\Pipeline->Illuminate\\Pipeline\\{closure}(Object(Illuminate\\Http\\Request))
#13 C:\\Users\\Administrator\\Desktop\\Tho_Van_Project\\CMS_Version_0\\LaraCMS\\vendor\\laravel\\framework\\src\\Illuminate\\Routing\\Router.php(797): Illuminate\\Pipeline\\Pipeline->then(Object(Closure))
#14 C:\\Users\\Administrator\\Desktop\\Tho_Van_Project\\CMS_Version_0\\LaraCMS\\vendor\\laravel\\framework\\src\\Illuminate\\Routing\\Router.php(776): Illuminate\\Routing\\Router->runRouteWithinStack(Object(Illuminate\\Routing\\Route), Object(Illuminate\\Http\\Request))
#15 C:\\Users\\Administrator\\Desktop\\Tho_Van_Project\\CMS_Version_0\\LaraCMS\\vendor\\laravel\\framework\\src\\Illuminate\\Routing\\Router.php(740): Illuminate\\Routing\\Router->runRoute(Object(Illuminate\\Http\\Request), Object(Illuminate\\Routing\\Route))
#16 C:\\Users\\Administrator\\Desktop\\Tho_Van_Project\\CMS_Version_0\\LaraCMS\\vendor\\laravel\\framework\\src\\Illuminate\\Routing\\Router.php(729): Illuminate\\Routing\\Router->dispatchToRoute(Object(Illuminate\\Http\\Request))
#17 C:\\Users\\Administrator\\Desktop\\Tho_Van_Project\\CMS_Version_0\\LaraCMS\\vendor\\laravel\\framework\\src\\Illuminate\\Foundation\\Http\\Kernel.php(190): Illuminate\\Routing\\Router->dispatch(Object(Illuminate\\Http\\Request))
#18 C:\\Users\\Administrator\\Desktop\\Tho_Van_Project\\CMS_Version_0\\LaraCMS\\vendor\\laravel\\framework\\src\\Illuminate\\Pipeline\\Pipeline.php(141): Illuminate\\Foundation\\Http\\Kernel->Illuminate\\Foundation\\Http\\{closure}(Object(Illuminate\\Http\\Request))
#19 C:\\Users\\Administrator\\Desktop\\Tho_Van_Project\\CMS_Version_0\\LaraCMS\\vendor\\laravel\\framework\\src\\Illuminate\\Foundation\\Http\\Middleware\\TransformsRequest.php(21): Illuminate\\Pipeline\\Pipeline->Illuminate\\Pipeline\\{closure}(Object(Illuminate\\Http\\Request))
#20 C:\\Users\\Administrator\\Desktop\\Tho_Van_Project\\CMS_Version_0\\LaraCMS\\vendor\\laravel\\framework\\src\\Illuminate\\Foundation\\Http\\Middleware\\ConvertEmptyStringsToNull.php(31): Illuminate\\Foundation\\Http\\Middleware\\TransformsRequest->handle(Object(Illuminate\\Http\\Request), Object(Closure))
#21 C:\\Users\\Administrator\\Desktop\\Tho_Van_Project\\CMS_Version_0\\LaraCMS\\vendor\\laravel\\framework\\src\\Illuminate\\Pipeline\\Pipeline.php(180): Illuminate\\Foundation\\Http\\Middleware\\ConvertEmptyStringsToNull->handle(Object(Illuminate\\Http\\Request), Object(Closure))
#22 C:\\Users\\Administrator\\Desktop\\Tho_Van_Project\\CMS_Version_0\\LaraCMS\\vendor\\laravel\\framework\\src\\Illuminate\\Foundation\\Http\\Middleware\\TransformsRequest.php(21): Illuminate\\Pipeline\\Pipeline->Illuminate\\Pipeline\\{closure}(Object(Illuminate\\Http\\Request))
#23 C:\\Users\\Administrator\\Desktop\\Tho_Van_Project\\CMS_Version_0\\LaraCMS\\vendor\\laravel\\framework\\src\\Illuminate\\Foundation\\Http\\Middleware\\TrimStrings.php(40): Illuminate\\Foundation\\Http\\Middleware\\TransformsRequest->handle(Object(Illuminate\\Http\\Request), Object(Closure))
#24 C:\\Users\\Administrator\\Desktop\\Tho_Van_Project\\CMS_Version_0\\LaraCMS\\vendor\\laravel\\framework\\src\\Illuminate\\Pipeline\\Pipeline.php(180): Illuminate\\Foundation\\Http\\Middleware\\TrimStrings->handle(Object(Illuminate\\Http\\Request), Object(Closure))
#25 C:\\Users\\Administrator\\Desktop\\Tho_Van_Project\\CMS_Version_0\\LaraCMS\\vendor\\laravel\\framework\\src\\Illuminate\\Foundation\\Http\\Middleware\\ValidatePostSize.php(27): Illuminate\\Pipeline\\Pipeline->Illuminate\\Pipeline\\{closure}(Object(Illuminate\\Http\\Request))
#26 C:\\Users\\Administrator\\Desktop\\Tho_Van_Project\\CMS_Version_0\\LaraCMS\\vendor\\laravel\\framework\\src\\Illuminate\\Pipeline\\Pipeline.php(180): Illuminate\\Foundation\\Http\\Middleware\\ValidatePostSize->handle(Object(Illuminate\\Http\\Request), Object(Closure))
#27 C:\\Users\\Administrator\\Desktop\\Tho_Van_Project\\CMS_Version_0\\LaraCMS\\vendor\\laravel\\framework\\src\\Illuminate\\Foundation\\Http\\Middleware\\PreventRequestsDuringMaintenance.php(86): Illuminate\\Pipeline\\Pipeline->Illuminate\\Pipeline\\{closure}(Object(Illuminate\\Http\\Request))
#28 C:\\Users\\Administrator\\Desktop\\Tho_Van_Project\\CMS_Version_0\\LaraCMS\\vendor\\laravel\\framework\\src\\Illuminate\\Pipeline\\Pipeline.php(180): Illuminate\\Foundation\\Http\\Middleware\\PreventRequestsDuringMaintenance->handle(Object(Illuminate\\Http\\Request), Object(Closure))
#29 C:\\Users\\Administrator\\Desktop\\Tho_Van_Project\\CMS_Version_0\\LaraCMS\\vendor\\fruitcake\\laravel-cors\\src\\HandleCors.php(52): Illuminate\\Pipeline\\Pipeline->Illuminate\\Pipeline\\{closure}(Object(Illuminate\\Http\\Request))
#30 C:\\Users\\Administrator\\Desktop\\Tho_Van_Project\\CMS_Version_0\\LaraCMS\\vendor\\laravel\\framework\\src\\Illuminate\\Pipeline\\Pipeline.php(180): Fruitcake\\Cors\\HandleCors->handle(Object(Illuminate\\Http\\Request), Object(Closure))
#31 C:\\Users\\Administrator\\Desktop\\Tho_Van_Project\\CMS_Version_0\\LaraCMS\\vendor\\laravel\\framework\\src\\Illuminate\\Http\\Middleware\\TrustProxies.php(39): Illuminate\\Pipeline\\Pipeline->Illuminate\\Pipeline\\{closure}(Object(Illuminate\\Http\\Request))
#32 C:\\Users\\Administrator\\Desktop\\Tho_Van_Project\\CMS_Version_0\\LaraCMS\\vendor\\laravel\\framework\\src\\Illuminate\\Pipeline\\Pipeline.php(180): Illuminate\\Http\\Middleware\\TrustProxies->handle(Object(Illuminate\\Http\\Request), Object(Closure))
#33 C:\\Users\\Administrator\\Desktop\\Tho_Van_Project\\CMS_Version_0\\LaraCMS\\vendor\\laravel\\framework\\src\\Illuminate\\Pipeline\\Pipeline.php(116): Illuminate\\Pipeline\\Pipeline->Illuminate\\Pipeline\\{closure}(Object(Illuminate\\Http\\Request))
#34 C:\\Users\\Administrator\\Desktop\\Tho_Van_Project\\CMS_Version_0\\LaraCMS\\vendor\\laravel\\framework\\src\\Illuminate\\Foundation\\Http\\Kernel.php(165): Illuminate\\Pipeline\\Pipeline->then(Object(Closure))
#35 C:\\Users\\Administrator\\Desktop\\Tho_Van_Project\\CMS_Version_0\\LaraCMS\\vendor\\laravel\\framework\\src\\Illuminate\\Foundation\\Http\\Kernel.php(134): Illuminate\\Foundation\\Http\\Kernel->sendRequestThroughRouter(Object(Illuminate\\Http\\Request))
#36 C:\\Users\\Administrator\\Desktop\\Tho_Van_Project\\CMS_Version_0\\LaraCMS\\public\\index.php(51): Illuminate\\Foundation\\Http\\Kernel->handle(Object(Illuminate\\Http\\Request))
#37 C:\\Users\\Administrator\\Desktop\\Tho_Van_Project\\CMS_Version_0\\LaraCMS\\server.php(21): require_once('C:\\\\Users\\\\Admini...')
#38 {main}
"} 
[2024-08-31 08:57:14] local.ERROR: Undefined constant "App\Http\Controllers\Frontend\console" {"exception":"[object] (Error(code: 0): Undefined constant \"App\\Http\\Controllers\\Frontend\\console\" at C:\\Users\\Administrator\\Desktop\\Tho_Van_Project\\CMS_Version_0\\LaraCMS\\app\\Http\\Controllers\\Frontend\\FrontPagesController.php:31)
[stacktrace]
#0 C:\\Users\\Administrator\\Desktop\\Tho_Van_Project\\CMS_Version_0\\LaraCMS\\vendor\\laravel\\framework\\src\\Illuminate\\Routing\\Controller.php(54): App\\Http\\Controllers\\Frontend\\FrontPagesController->register(Object(Illuminate\\Http\\Request))
#1 C:\\Users\\Administrator\\Desktop\\Tho_Van_Project\\CMS_Version_0\\LaraCMS\\vendor\\laravel\\framework\\src\\Illuminate\\Routing\\ControllerDispatcher.php(43): Illuminate\\Routing\\Controller->callAction('register', Array)
#2 C:\\Users\\Administrator\\Desktop\\Tho_Van_Project\\CMS_Version_0\\LaraCMS\\vendor\\laravel\\framework\\src\\Illuminate\\Routing\\Route.php(259): Illuminate\\Routing\\ControllerDispatcher->dispatch(Object(Illuminate\\Routing\\Route), Object(App\\Http\\Controllers\\Frontend\\FrontPagesController), 'register')
#3 C:\\Users\\Administrator\\Desktop\\Tho_Van_Project\\CMS_Version_0\\LaraCMS\\vendor\\laravel\\framework\\src\\Illuminate\\Routing\\Route.php(205): Illuminate\\Routing\\Route->runController()
#4 C:\\Users\\Administrator\\Desktop\\Tho_Van_Project\\CMS_Version_0\\LaraCMS\\vendor\\laravel\\framework\\src\\Illuminate\\Routing\\Router.php(798): Illuminate\\Routing\\Route->run()
#5 C:\\Users\\Administrator\\Desktop\\Tho_Van_Project\\CMS_Version_0\\LaraCMS\\vendor\\laravel\\framework\\src\\Illuminate\\Pipeline\\Pipeline.php(141): Illuminate\\Routing\\Router->Illuminate\\Routing\\{closure}(Object(Illuminate\\Http\\Request))
#6 C:\\Users\\Administrator\\Desktop\\Tho_Van_Project\\CMS_Version_0\\LaraCMS\\vendor\\laravel\\framework\\src\\Illuminate\\Routing\\Middleware\\SubstituteBindings.php(50): Illuminate\\Pipeline\\Pipeline->Illuminate\\Pipeline\\{closure}(Object(Illuminate\\Http\\Request))
#7 C:\\Users\\Administrator\\Desktop\\Tho_Van_Project\\CMS_Version_0\\LaraCMS\\vendor\\laravel\\framework\\src\\Illuminate\\Pipeline\\Pipeline.php(180): Illuminate\\Routing\\Middleware\\SubstituteBindings->handle(Object(Illuminate\\Http\\Request), Object(Closure))
#8 C:\\Users\\Administrator\\Desktop\\Tho_Van_Project\\CMS_Version_0\\LaraCMS\\vendor\\laravel\\framework\\src\\Illuminate\\Routing\\Middleware\\ThrottleRequests.php(126): Illuminate\\Pipeline\\Pipeline->Illuminate\\Pipeline\\{closure}(Object(Illuminate\\Http\\Request))
#9 C:\\Users\\Administrator\\Desktop\\Tho_Van_Project\\CMS_Version_0\\LaraCMS\\vendor\\laravel\\framework\\src\\Illuminate\\Routing\\Middleware\\ThrottleRequests.php(92): Illuminate\\Routing\\Middleware\\ThrottleRequests->handleRequest(Object(Illuminate\\Http\\Request), Object(Closure), Array)
#10 C:\\Users\\Administrator\\Desktop\\Tho_Van_Project\\CMS_Version_0\\LaraCMS\\vendor\\laravel\\framework\\src\\Illuminate\\Routing\\Middleware\\ThrottleRequests.php(54): Illuminate\\Routing\\Middleware\\ThrottleRequests->handleRequestUsingNamedLimiter(Object(Illuminate\\Http\\Request), Object(Closure), 'api', Object(Closure))
#11 C:\\Users\\Administrator\\Desktop\\Tho_Van_Project\\CMS_Version_0\\LaraCMS\\vendor\\laravel\\framework\\src\\Illuminate\\Pipeline\\Pipeline.php(180): Illuminate\\Routing\\Middleware\\ThrottleRequests->handle(Object(Illuminate\\Http\\Request), Object(Closure), 'api')
#12 C:\\Users\\Administrator\\Desktop\\Tho_Van_Project\\CMS_Version_0\\LaraCMS\\vendor\\laravel\\framework\\src\\Illuminate\\Pipeline\\Pipeline.php(116): Illuminate\\Pipeline\\Pipeline->Illuminate\\Pipeline\\{closure}(Object(Illuminate\\Http\\Request))
#13 C:\\Users\\Administrator\\Desktop\\Tho_Van_Project\\CMS_Version_0\\LaraCMS\\vendor\\laravel\\framework\\src\\Illuminate\\Routing\\Router.php(797): Illuminate\\Pipeline\\Pipeline->then(Object(Closure))
#14 C:\\Users\\Administrator\\Desktop\\Tho_Van_Project\\CMS_Version_0\\LaraCMS\\vendor\\laravel\\framework\\src\\Illuminate\\Routing\\Router.php(776): Illuminate\\Routing\\Router->runRouteWithinStack(Object(Illuminate\\Routing\\Route), Object(Illuminate\\Http\\Request))
#15 C:\\Users\\Administrator\\Desktop\\Tho_Van_Project\\CMS_Version_0\\LaraCMS\\vendor\\laravel\\framework\\src\\Illuminate\\Routing\\Router.php(740): Illuminate\\Routing\\Router->runRoute(Object(Illuminate\\Http\\Request), Object(Illuminate\\Routing\\Route))
#16 C:\\Users\\Administrator\\Desktop\\Tho_Van_Project\\CMS_Version_0\\LaraCMS\\vendor\\laravel\\framework\\src\\Illuminate\\Routing\\Router.php(729): Illuminate\\Routing\\Router->dispatchToRoute(Object(Illuminate\\Http\\Request))
#17 C:\\Users\\Administrator\\Desktop\\Tho_Van_Project\\CMS_Version_0\\LaraCMS\\vendor\\laravel\\framework\\src\\Illuminate\\Foundation\\Http\\Kernel.php(190): Illuminate\\Routing\\Router->dispatch(Object(Illuminate\\Http\\Request))
#18 C:\\Users\\Administrator\\Desktop\\Tho_Van_Project\\CMS_Version_0\\LaraCMS\\vendor\\laravel\\framework\\src\\Illuminate\\Pipeline\\Pipeline.php(141): Illuminate\\Foundation\\Http\\Kernel->Illuminate\\Foundation\\Http\\{closure}(Object(Illuminate\\Http\\Request))
#19 C:\\Users\\Administrator\\Desktop\\Tho_Van_Project\\CMS_Version_0\\LaraCMS\\vendor\\laravel\\framework\\src\\Illuminate\\Foundation\\Http\\Middleware\\TransformsRequest.php(21): Illuminate\\Pipeline\\Pipeline->Illuminate\\Pipeline\\{closure}(Object(Illuminate\\Http\\Request))
#20 C:\\Users\\Administrator\\Desktop\\Tho_Van_Project\\CMS_Version_0\\LaraCMS\\vendor\\laravel\\framework\\src\\Illuminate\\Foundation\\Http\\Middleware\\ConvertEmptyStringsToNull.php(31): Illuminate\\Foundation\\Http\\Middleware\\TransformsRequest->handle(Object(Illuminate\\Http\\Request), Object(Closure))
#21 C:\\Users\\Administrator\\Desktop\\Tho_Van_Project\\CMS_Version_0\\LaraCMS\\vendor\\laravel\\framework\\src\\Illuminate\\Pipeline\\Pipeline.php(180): Illuminate\\Foundation\\Http\\Middleware\\ConvertEmptyStringsToNull->handle(Object(Illuminate\\Http\\Request), Object(Closure))
#22 C:\\Users\\Administrator\\Desktop\\Tho_Van_Project\\CMS_Version_0\\LaraCMS\\vendor\\laravel\\framework\\src\\Illuminate\\Foundation\\Http\\Middleware\\TransformsRequest.php(21): Illuminate\\Pipeline\\Pipeline->Illuminate\\Pipeline\\{closure}(Object(Illuminate\\Http\\Request))
#23 C:\\Users\\Administrator\\Desktop\\Tho_Van_Project\\CMS_Version_0\\LaraCMS\\vendor\\laravel\\framework\\src\\Illuminate\\Foundation\\Http\\Middleware\\TrimStrings.php(40): Illuminate\\Foundation\\Http\\Middleware\\TransformsRequest->handle(Object(Illuminate\\Http\\Request), Object(Closure))
#24 C:\\Users\\Administrator\\Desktop\\Tho_Van_Project\\CMS_Version_0\\LaraCMS\\vendor\\laravel\\framework\\src\\Illuminate\\Pipeline\\Pipeline.php(180): Illuminate\\Foundation\\Http\\Middleware\\TrimStrings->handle(Object(Illuminate\\Http\\Request), Object(Closure))
#25 C:\\Users\\Administrator\\Desktop\\Tho_Van_Project\\CMS_Version_0\\LaraCMS\\vendor\\laravel\\framework\\src\\Illuminate\\Foundation\\Http\\Middleware\\ValidatePostSize.php(27): Illuminate\\Pipeline\\Pipeline->Illuminate\\Pipeline\\{closure}(Object(Illuminate\\Http\\Request))
#26 C:\\Users\\Administrator\\Desktop\\Tho_Van_Project\\CMS_Version_0\\LaraCMS\\vendor\\laravel\\framework\\src\\Illuminate\\Pipeline\\Pipeline.php(180): Illuminate\\Foundation\\Http\\Middleware\\ValidatePostSize->handle(Object(Illuminate\\Http\\Request), Object(Closure))
#27 C:\\Users\\Administrator\\Desktop\\Tho_Van_Project\\CMS_Version_0\\LaraCMS\\vendor\\laravel\\framework\\src\\Illuminate\\Foundation\\Http\\Middleware\\PreventRequestsDuringMaintenance.php(86): Illuminate\\Pipeline\\Pipeline->Illuminate\\Pipeline\\{closure}(Object(Illuminate\\Http\\Request))
#28 C:\\Users\\Administrator\\Desktop\\Tho_Van_Project\\CMS_Version_0\\LaraCMS\\vendor\\laravel\\framework\\src\\Illuminate\\Pipeline\\Pipeline.php(180): Illuminate\\Foundation\\Http\\Middleware\\PreventRequestsDuringMaintenance->handle(Object(Illuminate\\Http\\Request), Object(Closure))
#29 C:\\Users\\Administrator\\Desktop\\Tho_Van_Project\\CMS_Version_0\\LaraCMS\\vendor\\fruitcake\\laravel-cors\\src\\HandleCors.php(52): Illuminate\\Pipeline\\Pipeline->Illuminate\\Pipeline\\{closure}(Object(Illuminate\\Http\\Request))
#30 C:\\Users\\Administrator\\Desktop\\Tho_Van_Project\\CMS_Version_0\\LaraCMS\\vendor\\laravel\\framework\\src\\Illuminate\\Pipeline\\Pipeline.php(180): Fruitcake\\Cors\\HandleCors->handle(Object(Illuminate\\Http\\Request), Object(Closure))
#31 C:\\Users\\Administrator\\Desktop\\Tho_Van_Project\\CMS_Version_0\\LaraCMS\\vendor\\laravel\\framework\\src\\Illuminate\\Http\\Middleware\\TrustProxies.php(39): Illuminate\\Pipeline\\Pipeline->Illuminate\\Pipeline\\{closure}(Object(Illuminate\\Http\\Request))
#32 C:\\Users\\Administrator\\Desktop\\Tho_Van_Project\\CMS_Version_0\\LaraCMS\\vendor\\laravel\\framework\\src\\Illuminate\\Pipeline\\Pipeline.php(180): Illuminate\\Http\\Middleware\\TrustProxies->handle(Object(Illuminate\\Http\\Request), Object(Closure))
#33 C:\\Users\\Administrator\\Desktop\\Tho_Van_Project\\CMS_Version_0\\LaraCMS\\vendor\\laravel\\framework\\src\\Illuminate\\Pipeline\\Pipeline.php(116): Illuminate\\Pipeline\\Pipeline->Illuminate\\Pipeline\\{closure}(Object(Illuminate\\Http\\Request))
#34 C:\\Users\\Administrator\\Desktop\\Tho_Van_Project\\CMS_Version_0\\LaraCMS\\vendor\\laravel\\framework\\src\\Illuminate\\Foundation\\Http\\Kernel.php(165): Illuminate\\Pipeline\\Pipeline->then(Object(Closure))
#35 C:\\Users\\Administrator\\Desktop\\Tho_Van_Project\\CMS_Version_0\\LaraCMS\\vendor\\laravel\\framework\\src\\Illuminate\\Foundation\\Http\\Kernel.php(134): Illuminate\\Foundation\\Http\\Kernel->sendRequestThroughRouter(Object(Illuminate\\Http\\Request))
#36 C:\\Users\\Administrator\\Desktop\\Tho_Van_Project\\CMS_Version_0\\LaraCMS\\public\\index.php(51): Illuminate\\Foundation\\Http\\Kernel->handle(Object(Illuminate\\Http\\Request))
#37 C:\\Users\\Administrator\\Desktop\\Tho_Van_Project\\CMS_Version_0\\LaraCMS\\server.php(21): require_once('C:\\\\Users\\\\Admini...')
#38 {main}
"} 
[2024-08-31 08:58:17] local.ERROR: Undefined constant "App\Http\Controllers\Frontend\console" {"exception":"[object] (Error(code: 0): Undefined constant \"App\\Http\\Controllers\\Frontend\\console\" at C:\\Users\\Administrator\\Desktop\\Tho_Van_Project\\CMS_Version_0\\LaraCMS\\app\\Http\\Controllers\\Frontend\\FrontPagesController.php:31)
[stacktrace]
#0 C:\\Users\\Administrator\\Desktop\\Tho_Van_Project\\CMS_Version_0\\LaraCMS\\vendor\\laravel\\framework\\src\\Illuminate\\Routing\\Controller.php(54): App\\Http\\Controllers\\Frontend\\FrontPagesController->register(Object(Illuminate\\Http\\Request))
#1 C:\\Users\\Administrator\\Desktop\\Tho_Van_Project\\CMS_Version_0\\LaraCMS\\vendor\\laravel\\framework\\src\\Illuminate\\Routing\\ControllerDispatcher.php(43): Illuminate\\Routing\\Controller->callAction('register', Array)
#2 C:\\Users\\Administrator\\Desktop\\Tho_Van_Project\\CMS_Version_0\\LaraCMS\\vendor\\laravel\\framework\\src\\Illuminate\\Routing\\Route.php(259): Illuminate\\Routing\\ControllerDispatcher->dispatch(Object(Illuminate\\Routing\\Route), Object(App\\Http\\Controllers\\Frontend\\FrontPagesController), 'register')
#3 C:\\Users\\Administrator\\Desktop\\Tho_Van_Project\\CMS_Version_0\\LaraCMS\\vendor\\laravel\\framework\\src\\Illuminate\\Routing\\Route.php(205): Illuminate\\Routing\\Route->runController()
#4 C:\\Users\\Administrator\\Desktop\\Tho_Van_Project\\CMS_Version_0\\LaraCMS\\vendor\\laravel\\framework\\src\\Illuminate\\Routing\\Router.php(798): Illuminate\\Routing\\Route->run()
#5 C:\\Users\\Administrator\\Desktop\\Tho_Van_Project\\CMS_Version_0\\LaraCMS\\vendor\\laravel\\framework\\src\\Illuminate\\Pipeline\\Pipeline.php(141): Illuminate\\Routing\\Router->Illuminate\\Routing\\{closure}(Object(Illuminate\\Http\\Request))
#6 C:\\Users\\Administrator\\Desktop\\Tho_Van_Project\\CMS_Version_0\\LaraCMS\\vendor\\laravel\\framework\\src\\Illuminate\\Routing\\Middleware\\SubstituteBindings.php(50): Illuminate\\Pipeline\\Pipeline->Illuminate\\Pipeline\\{closure}(Object(Illuminate\\Http\\Request))
#7 C:\\Users\\Administrator\\Desktop\\Tho_Van_Project\\CMS_Version_0\\LaraCMS\\vendor\\laravel\\framework\\src\\Illuminate\\Pipeline\\Pipeline.php(180): Illuminate\\Routing\\Middleware\\SubstituteBindings->handle(Object(Illuminate\\Http\\Request), Object(Closure))
#8 C:\\Users\\Administrator\\Desktop\\Tho_Van_Project\\CMS_Version_0\\LaraCMS\\vendor\\laravel\\framework\\src\\Illuminate\\Routing\\Middleware\\ThrottleRequests.php(126): Illuminate\\Pipeline\\Pipeline->Illuminate\\Pipeline\\{closure}(Object(Illuminate\\Http\\Request))
#9 C:\\Users\\Administrator\\Desktop\\Tho_Van_Project\\CMS_Version_0\\LaraCMS\\vendor\\laravel\\framework\\src\\Illuminate\\Routing\\Middleware\\ThrottleRequests.php(92): Illuminate\\Routing\\Middleware\\ThrottleRequests->handleRequest(Object(Illuminate\\Http\\Request), Object(Closure), Array)
#10 C:\\Users\\Administrator\\Desktop\\Tho_Van_Project\\CMS_Version_0\\LaraCMS\\vendor\\laravel\\framework\\src\\Illuminate\\Routing\\Middleware\\ThrottleRequests.php(54): Illuminate\\Routing\\Middleware\\ThrottleRequests->handleRequestUsingNamedLimiter(Object(Illuminate\\Http\\Request), Object(Closure), 'api', Object(Closure))
#11 C:\\Users\\Administrator\\Desktop\\Tho_Van_Project\\CMS_Version_0\\LaraCMS\\vendor\\laravel\\framework\\src\\Illuminate\\Pipeline\\Pipeline.php(180): Illuminate\\Routing\\Middleware\\ThrottleRequests->handle(Object(Illuminate\\Http\\Request), Object(Closure), 'api')
#12 C:\\Users\\Administrator\\Desktop\\Tho_Van_Project\\CMS_Version_0\\LaraCMS\\vendor\\laravel\\framework\\src\\Illuminate\\Pipeline\\Pipeline.php(116): Illuminate\\Pipeline\\Pipeline->Illuminate\\Pipeline\\{closure}(Object(Illuminate\\Http\\Request))
#13 C:\\Users\\Administrator\\Desktop\\Tho_Van_Project\\CMS_Version_0\\LaraCMS\\vendor\\laravel\\framework\\src\\Illuminate\\Routing\\Router.php(797): Illuminate\\Pipeline\\Pipeline->then(Object(Closure))
#14 C:\\Users\\Administrator\\Desktop\\Tho_Van_Project\\CMS_Version_0\\LaraCMS\\vendor\\laravel\\framework\\src\\Illuminate\\Routing\\Router.php(776): Illuminate\\Routing\\Router->runRouteWithinStack(Object(Illuminate\\Routing\\Route), Object(Illuminate\\Http\\Request))
#15 C:\\Users\\Administrator\\Desktop\\Tho_Van_Project\\CMS_Version_0\\LaraCMS\\vendor\\laravel\\framework\\src\\Illuminate\\Routing\\Router.php(740): Illuminate\\Routing\\Router->runRoute(Object(Illuminate\\Http\\Request), Object(Illuminate\\Routing\\Route))
#16 C:\\Users\\Administrator\\Desktop\\Tho_Van_Project\\CMS_Version_0\\LaraCMS\\vendor\\laravel\\framework\\src\\Illuminate\\Routing\\Router.php(729): Illuminate\\Routing\\Router->dispatchToRoute(Object(Illuminate\\Http\\Request))
#17 C:\\Users\\Administrator\\Desktop\\Tho_Van_Project\\CMS_Version_0\\LaraCMS\\vendor\\laravel\\framework\\src\\Illuminate\\Foundation\\Http\\Kernel.php(190): Illuminate\\Routing\\Router->dispatch(Object(Illuminate\\Http\\Request))
#18 C:\\Users\\Administrator\\Desktop\\Tho_Van_Project\\CMS_Version_0\\LaraCMS\\vendor\\laravel\\framework\\src\\Illuminate\\Pipeline\\Pipeline.php(141): Illuminate\\Foundation\\Http\\Kernel->Illuminate\\Foundation\\Http\\{closure}(Object(Illuminate\\Http\\Request))
#19 C:\\Users\\Administrator\\Desktop\\Tho_Van_Project\\CMS_Version_0\\LaraCMS\\vendor\\laravel\\framework\\src\\Illuminate\\Foundation\\Http\\Middleware\\TransformsRequest.php(21): Illuminate\\Pipeline\\Pipeline->Illuminate\\Pipeline\\{closure}(Object(Illuminate\\Http\\Request))
#20 C:\\Users\\Administrator\\Desktop\\Tho_Van_Project\\CMS_Version_0\\LaraCMS\\vendor\\laravel\\framework\\src\\Illuminate\\Foundation\\Http\\Middleware\\ConvertEmptyStringsToNull.php(31): Illuminate\\Foundation\\Http\\Middleware\\TransformsRequest->handle(Object(Illuminate\\Http\\Request), Object(Closure))
#21 C:\\Users\\Administrator\\Desktop\\Tho_Van_Project\\CMS_Version_0\\LaraCMS\\vendor\\laravel\\framework\\src\\Illuminate\\Pipeline\\Pipeline.php(180): Illuminate\\Foundation\\Http\\Middleware\\ConvertEmptyStringsToNull->handle(Object(Illuminate\\Http\\Request), Object(Closure))
#22 C:\\Users\\Administrator\\Desktop\\Tho_Van_Project\\CMS_Version_0\\LaraCMS\\vendor\\laravel\\framework\\src\\Illuminate\\Foundation\\Http\\Middleware\\TransformsRequest.php(21): Illuminate\\Pipeline\\Pipeline->Illuminate\\Pipeline\\{closure}(Object(Illuminate\\Http\\Request))
#23 C:\\Users\\Administrator\\Desktop\\Tho_Van_Project\\CMS_Version_0\\LaraCMS\\vendor\\laravel\\framework\\src\\Illuminate\\Foundation\\Http\\Middleware\\TrimStrings.php(40): Illuminate\\Foundation\\Http\\Middleware\\TransformsRequest->handle(Object(Illuminate\\Http\\Request), Object(Closure))
#24 C:\\Users\\Administrator\\Desktop\\Tho_Van_Project\\CMS_Version_0\\LaraCMS\\vendor\\laravel\\framework\\src\\Illuminate\\Pipeline\\Pipeline.php(180): Illuminate\\Foundation\\Http\\Middleware\\TrimStrings->handle(Object(Illuminate\\Http\\Request), Object(Closure))
#25 C:\\Users\\Administrator\\Desktop\\Tho_Van_Project\\CMS_Version_0\\LaraCMS\\vendor\\laravel\\framework\\src\\Illuminate\\Foundation\\Http\\Middleware\\ValidatePostSize.php(27): Illuminate\\Pipeline\\Pipeline->Illuminate\\Pipeline\\{closure}(Object(Illuminate\\Http\\Request))
#26 C:\\Users\\Administrator\\Desktop\\Tho_Van_Project\\CMS_Version_0\\LaraCMS\\vendor\\laravel\\framework\\src\\Illuminate\\Pipeline\\Pipeline.php(180): Illuminate\\Foundation\\Http\\Middleware\\ValidatePostSize->handle(Object(Illuminate\\Http\\Request), Object(Closure))
#27 C:\\Users\\Administrator\\Desktop\\Tho_Van_Project\\CMS_Version_0\\LaraCMS\\vendor\\laravel\\framework\\src\\Illuminate\\Foundation\\Http\\Middleware\\PreventRequestsDuringMaintenance.php(86): Illuminate\\Pipeline\\Pipeline->Illuminate\\Pipeline\\{closure}(Object(Illuminate\\Http\\Request))
#28 C:\\Users\\Administrator\\Desktop\\Tho_Van_Project\\CMS_Version_0\\LaraCMS\\vendor\\laravel\\framework\\src\\Illuminate\\Pipeline\\Pipeline.php(180): Illuminate\\Foundation\\Http\\Middleware\\PreventRequestsDuringMaintenance->handle(Object(Illuminate\\Http\\Request), Object(Closure))
#29 C:\\Users\\Administrator\\Desktop\\Tho_Van_Project\\CMS_Version_0\\LaraCMS\\vendor\\fruitcake\\laravel-cors\\src\\HandleCors.php(52): Illuminate\\Pipeline\\Pipeline->Illuminate\\Pipeline\\{closure}(Object(Illuminate\\Http\\Request))
#30 C:\\Users\\Administrator\\Desktop\\Tho_Van_Project\\CMS_Version_0\\LaraCMS\\vendor\\laravel\\framework\\src\\Illuminate\\Pipeline\\Pipeline.php(180): Fruitcake\\Cors\\HandleCors->handle(Object(Illuminate\\Http\\Request), Object(Closure))
#31 C:\\Users\\Administrator\\Desktop\\Tho_Van_Project\\CMS_Version_0\\LaraCMS\\vendor\\laravel\\framework\\src\\Illuminate\\Http\\Middleware\\TrustProxies.php(39): Illuminate\\Pipeline\\Pipeline->Illuminate\\Pipeline\\{closure}(Object(Illuminate\\Http\\Request))
#32 C:\\Users\\Administrator\\Desktop\\Tho_Van_Project\\CMS_Version_0\\LaraCMS\\vendor\\laravel\\framework\\src\\Illuminate\\Pipeline\\Pipeline.php(180): Illuminate\\Http\\Middleware\\TrustProxies->handle(Object(Illuminate\\Http\\Request), Object(Closure))
#33 C:\\Users\\Administrator\\Desktop\\Tho_Van_Project\\CMS_Version_0\\LaraCMS\\vendor\\laravel\\framework\\src\\Illuminate\\Pipeline\\Pipeline.php(116): Illuminate\\Pipeline\\Pipeline->Illuminate\\Pipeline\\{closure}(Object(Illuminate\\Http\\Request))
#34 C:\\Users\\Administrator\\Desktop\\Tho_Van_Project\\CMS_Version_0\\LaraCMS\\vendor\\laravel\\framework\\src\\Illuminate\\Foundation\\Http\\Kernel.php(165): Illuminate\\Pipeline\\Pipeline->then(Object(Closure))
#35 C:\\Users\\Administrator\\Desktop\\Tho_Van_Project\\CMS_Version_0\\LaraCMS\\vendor\\laravel\\framework\\src\\Illuminate\\Foundation\\Http\\Kernel.php(134): Illuminate\\Foundation\\Http\\Kernel->sendRequestThroughRouter(Object(Illuminate\\Http\\Request))
#36 C:\\Users\\Administrator\\Desktop\\Tho_Van_Project\\CMS_Version_0\\LaraCMS\\public\\index.php(51): Illuminate\\Foundation\\Http\\Kernel->handle(Object(Illuminate\\Http\\Request))
#37 C:\\Users\\Administrator\\Desktop\\Tho_Van_Project\\CMS_Version_0\\LaraCMS\\server.php(21): require_once('C:\\\\Users\\\\Admini...')
#38 {main}
"} 
